Using pre-set license
Built from '2021.3/staging' branch; Version is '2021.3.9f1 (ad3870b89536) revision 11352176'; Using compiler version '192829333'; Build Type 'Release'
OS: 'Windows 10  (10.0.19044) 64bit Core' Language: 'pt' Physical Memory: 32716 MB
BatchMode: 1, IsHumanControllingUs: 0, StartBugReporterOnCrash: 0, Is64bit: 1, IsPro: 1

COMMAND LINE ARGUMENTS:
C:\Program Files\Unity\Hub\Editor\2021.3.9f1\Editor\Unity.exe
-adb2
-batchMode
-noUpm
-name
AssetImportWorker1
-projectPath
C:/Users/Utilizador/RPGFP/My project
-logFile
Logs/AssetImportWorker1.log
-srvPort
51605
Successfully changed project path to: C:/Users/Utilizador/RPGFP/My project
C:/Users/Utilizador/RPGFP/My project
[UnityMemory] Configuration Parameters - Can be set up in boot.config
    "memorysetup-bucket-allocator-granularity=16"
    "memorysetup-bucket-allocator-bucket-count=8"
    "memorysetup-bucket-allocator-block-size=33554432"
    "memorysetup-bucket-allocator-block-count=8"
    "memorysetup-main-allocator-block-size=16777216"
    "memorysetup-thread-allocator-block-size=16777216"
    "memorysetup-gfx-main-allocator-block-size=16777216"
    "memorysetup-gfx-thread-allocator-block-size=16777216"
    "memorysetup-cache-allocator-block-size=4194304"
    "memorysetup-typetree-allocator-block-size=2097152"
    "memorysetup-profiler-bucket-allocator-granularity=16"
    "memorysetup-profiler-bucket-allocator-bucket-count=8"
    "memorysetup-profiler-bucket-allocator-block-size=33554432"
    "memorysetup-profiler-bucket-allocator-block-count=8"
    "memorysetup-profiler-allocator-block-size=16777216"
    "memorysetup-profiler-editor-allocator-block-size=1048576"
    "memorysetup-temp-allocator-size-main=16777216"
    "memorysetup-job-temp-allocator-block-size=2097152"
    "memorysetup-job-temp-allocator-block-size-background=1048576"
    "memorysetup-job-temp-allocator-reduction-small-platforms=262144"
    "memorysetup-temp-allocator-size-background-worker=32768"
    "memorysetup-temp-allocator-size-job-worker=262144"
    "memorysetup-temp-allocator-size-preload-manager=33554432"
    "memorysetup-temp-allocator-size-nav-mesh-worker=65536"
    "memorysetup-temp-allocator-size-audio-worker=65536"
    "memorysetup-temp-allocator-size-cloud-worker=32768"
    "memorysetup-temp-allocator-size-gi-baking-worker=262144"
    "memorysetup-temp-allocator-size-gfx=262144"
Refreshing native plugins compatible for Editor in 78.23 ms, found 3 plugins.
Preloading 0 native plugins for Editor in 0.00 ms.
Initialize engine version: 2021.3.9f1 (ad3870b89536)
[Subsystems] Discovering subsystems at path C:/Program Files/Unity/Hub/Editor/2021.3.9f1/Editor/Data/Resources/UnitySubsystems
[Subsystems] Discovering subsystems at path C:/Users/Utilizador/RPGFP/My project/Assets
GfxDevice: creating device client; threaded=0; jobified=0
Direct3D:
    Version:  Direct3D 11.0 [level 11.1]
    Renderer: NVIDIA GeForce GTX 1070 (ID=0x1b81)
    Vendor:   NVIDIA
    VRAM:     8088 MB
    Driver:   30.0.14.9613
Initialize mono
Mono path[0] = 'C:/Program Files/Unity/Hub/Editor/2021.3.9f1/Editor/Data/Managed'
Mono path[1] = 'C:/Program Files/Unity/Hub/Editor/2021.3.9f1/Editor/Data/MonoBleedingEdge/lib/mono/unityjit-win32'
Mono config path = 'C:/Program Files/Unity/Hub/Editor/2021.3.9f1/Editor/Data/MonoBleedingEdge/etc'
Using monoOptions --debugger-agent=transport=dt_socket,embedding=1,server=y,suspend=n,address=127.0.0.1:56760
Begin MonoManager ReloadAssembly
Registering precompiled unity dll's ...
Register platform support module: C:/Program Files/Unity/Hub/Editor/2021.3.9f1/Editor/Data/PlaybackEngines/WebGLSupport/UnityEditor.WebGL.Extensions.dll
Register platform support module: C:/Program Files/Unity/Hub/Editor/2021.3.9f1/Editor/Data/PlaybackEngines/WindowsStandaloneSupport/UnityEditor.WindowsStandalone.Extensions.dll
Registered in 0.009006 seconds.
Native extension for WindowsStandalone target not found
Native extension for WebGL target not found
Refreshing native plugins compatible for Editor in 73.05 ms, found 3 plugins.
Preloading 0 native plugins for Editor in 0.00 ms.
Mono: successfully reloaded assembly
- Completed reload, in  0.609 seconds
Domain Reload Profiling:
	ReloadAssembly (609ms)
		BeginReloadAssembly (75ms)
			ExecutionOrderSort (0ms)
			DisableScriptedObjects (0ms)
			BackupInstance (0ms)
			ReleaseScriptingObjects (0ms)
			CreateAndSetChildDomain (1ms)
		EndReloadAssembly (425ms)
			LoadAssemblies (72ms)
			RebuildTransferFunctionScriptingTraits (0ms)
			SetupTypeCache (99ms)
			ReleaseScriptCaches (0ms)
			RebuildScriptCaches (24ms)
			SetupLoadedEditorAssemblies (253ms)
				LogAssemblyErrors (0ms)
				InitializePlatformSupportModulesInManaged (8ms)
				SetLoadedEditorAssemblies (0ms)
				RefreshPlugins (73ms)
				BeforeProcessingInitializeOnLoad (1ms)
				ProcessInitializeOnLoadAttributes (127ms)
				ProcessInitializeOnLoadMethodAttributes (44ms)
				AfterProcessingInitializeOnLoad (0ms)
				EditorAssembliesLoaded (0ms)
			ExecutionOrderSort2 (0ms)
			AwakeInstancesAfterBackupRestoration (0ms)
Platform modules already initialized, skipping
Registering precompiled user dll's ...
Registered in 0.006063 seconds.
Begin MonoManager ReloadAssembly
Symbol file LoadedFromMemory doesn't match image C:\Users\Utilizador\RPGFP\My project\Library\PackageCache\com.unity.visualscripting@1.7.8\Editor\VisualScripting.Core\Dependencies\YamlDotNet\Unity.VisualScripting.YamlDotNet.dll
Symbol file LoadedFromMemory doesn't match image C:\Users\Utilizador\RPGFP\My project\Library\PackageCache\com.unity.visualscripting@1.7.8\Editor\VisualScripting.Core\Dependencies\DotNetZip\Unity.VisualScripting.IonicZip.dll
Native extension for WindowsStandalone target not found
Native extension for WebGL target not found
Refreshing native plugins compatible for Editor in 0.70 ms, found 3 plugins.
Preloading 0 native plugins for Editor in 0.00 ms.
Mono: successfully reloaded assembly
- Completed reload, in  0.930 seconds
Domain Reload Profiling:
	ReloadAssembly (930ms)
		BeginReloadAssembly (106ms)
			ExecutionOrderSort (0ms)
			DisableScriptedObjects (5ms)
			BackupInstance (0ms)
			ReleaseScriptingObjects (0ms)
			CreateAndSetChildDomain (19ms)
		EndReloadAssembly (717ms)
			LoadAssemblies (77ms)
			RebuildTransferFunctionScriptingTraits (0ms)
			SetupTypeCache (230ms)
			ReleaseScriptCaches (1ms)
			RebuildScriptCaches (45ms)
			SetupLoadedEditorAssemblies (336ms)
				LogAssemblyErrors (0ms)
				InitializePlatformSupportModulesInManaged (7ms)
				SetLoadedEditorAssemblies (0ms)
				RefreshPlugins (1ms)
				BeforeProcessingInitializeOnLoad (87ms)
				ProcessInitializeOnLoadAttributes (203ms)
				ProcessInitializeOnLoadMethodAttributes (26ms)
				AfterProcessingInitializeOnLoad (12ms)
				EditorAssembliesLoaded (0ms)
			ExecutionOrderSort2 (0ms)
			AwakeInstancesAfterBackupRestoration (5ms)
Platform modules already initialized, skipping
========================================================================
Worker process is ready to serve import requests
Launched and connected shader compiler UnityShaderCompiler.exe after 0.05 seconds
Refreshing native plugins compatible for Editor in 0.66 ms, found 3 plugins.
Preloading 0 native plugins for Editor in 0.00 ms.
Unloading 3380 Unused Serialized files (Serialized files now loaded: 0)
Unloading 27 unused Assets / (111.3 KB). Loaded Objects now: 3837.
Memory consumption went from 116.2 MB to 116.1 MB.
Total: 2.967200 ms (FindLiveObjects: 0.400900 ms CreateObjectMapping: 0.084000 ms MarkObjects: 2.389200 ms  DeleteObjects: 0.092300 ms)

AssetImportParameters requested are different than current active one (requested -> active):
  custom:video-decoder-ogg-theora: a1e56fd34408186e4bbccfd4996cb3dc -> 
  custom:container-muxer-webm: aa71ff27fc2769a1b78a27578f13a17b -> 
  custom:container-demuxer-webm: 4f35f7cbe854078d1ac9338744f61a02 -> 
  custom:video-encoder-webm-vp8: eb34c28f22e8b96e1ab97ce403110664 -> 
  custom:video-codec-MediaFoundation-h265: 746d11721c4dcdbdad8f713fa42b33f4 -> 
  custom:audio-encoder-webm-vorbis: bf7c407c2cedff20999df2af8eb42d56 -> 
  custom:framework-win-MediaFoundation: 216162199b28c13a410421893ffa2e32 -> 
  custom:container-demuxer-ogg: 62fdf1f143b41e24485cea50d1cbac27 -> 
  custom:video-decoder-webm-vp8: 9c59270c3fd7afecdb556c50c9e8de78 -> 
  custom:audio-decoder-ogg-vorbis: bf7c407c2cedff20999df2af8eb42d56 -> 
========================================================================
Received Import Request.
  Time since last request: 190113.217918 seconds.
  path: Assets/Scenes/hero/attack/hero-attack-back/hero-attack-back-2.png
  artifactKey: Guid(af44b838e74a6481b8e4c615bdbdd0af) Importer(815301076,1909f56bfc062723c751e8b465ee728b)
Start importing Assets/Scenes/hero/attack/hero-attack-back/hero-attack-back-2.png using Guid(af44b838e74a6481b8e4c615bdbdd0af) Importer(815301076,1909f56bfc062723c751e8b465ee728b)  -> (artifact id: '2d5264d30147d497a9705eea4627d813') in 0.127532 seconds 
========================================================================
Received Import Request.
  Time since last request: 148.526770 seconds.
  path: Assets/Tiny RPG Forest/Artwork/Environment/tileset.png
  artifactKey: Guid(fa9008ba27d044823835d85918621932) Importer(815301076,1909f56bfc062723c751e8b465ee728b)
Start importing Assets/Tiny RPG Forest/Artwork/Environment/tileset.png using Guid(fa9008ba27d044823835d85918621932) Importer(815301076,1909f56bfc062723c751e8b465ee728b)  -> (artifact id: 'a5f44d5a8f218cfb67e4e814aa8933da') in 0.035584 seconds 
========================================================================
Received Import Request.
  Time since last request: 1.966350 seconds.
  path: Assets/Tiny RPG Forest/Artwork/Environment/sliced-objects/bush.png
  artifactKey: Guid(dbc624f7b3a644dcf989e434e63d9a98) Importer(815301076,1909f56bfc062723c751e8b465ee728b)
Start importing Assets/Tiny RPG Forest/Artwork/Environment/sliced-objects/bush.png using Guid(dbc624f7b3a644dcf989e434e63d9a98) Importer(815301076,1909f56bfc062723c751e8b465ee728b)  -> (artifact id: '60f2b75cc12330cb83de3c266d52366f') in 0.016393 seconds 
========================================================================
Received Import Request.
  Time since last request: 0.000957 seconds.
  path: Assets/Tiny RPG Forest/Artwork/Environment/sliced-objects/rock.png
  artifactKey: Guid(37eaf6e537ca749adaaea0a3e900d411) Importer(815301076,1909f56bfc062723c751e8b465ee728b)
Start importing Assets/Tiny RPG Forest/Artwork/Environment/sliced-objects/rock.png using Guid(37eaf6e537ca749adaaea0a3e900d411) Importer(815301076,1909f56bfc062723c751e8b465ee728b)  -> (artifact id: '60e35c604923d9a5797140b1fa60d0a6') in 0.017507 seconds 
========================================================================
Received Import Request.
  Time since last request: 0.000022 seconds.
  path: Assets/Tiny RPG Forest/Artwork/Environment/sliced-objects/rock-monument.png
  artifactKey: Guid(2eb82ac66de274383af71b2eb2c75da0) Importer(815301076,1909f56bfc062723c751e8b465ee728b)
Start importing Assets/Tiny RPG Forest/Artwork/Environment/sliced-objects/rock-monument.png using Guid(2eb82ac66de274383af71b2eb2c75da0) Importer(815301076,1909f56bfc062723c751e8b465ee728b)  -> (artifact id: 'daed49b19b1a192d55ae4d9e4ff7705a') in 0.020036 seconds 
========================================================================
Received Import Request.
  Time since last request: 0.000023 seconds.
  path: Assets/Tiny RPG Forest/Artwork/Environment/sliced-objects/trunk.png
  artifactKey: Guid(606bc7833699b46bfb26e8141d2a64a7) Importer(815301076,1909f56bfc062723c751e8b465ee728b)
Start importing Assets/Tiny RPG Forest/Artwork/Environment/sliced-objects/trunk.png using Guid(606bc7833699b46bfb26e8141d2a64a7) Importer(815301076,1909f56bfc062723c751e8b465ee728b)  -> (artifact id: 'dde41f25f4d619830036fd28ac17b5a8') in 0.017810 seconds 
========================================================================
Received Import Request.
  Time since last request: 6.373206 seconds.
  path: Assets/Tiny RPG Forest/Artwork/Environment/waterfall animation/waterfall-3.png
  artifactKey: Guid(79830f9904f294b0985ee12dc19c5787) Importer(815301076,1909f56bfc062723c751e8b465ee728b)
Start importing Assets/Tiny RPG Forest/Artwork/Environment/waterfall animation/waterfall-3.png using Guid(79830f9904f294b0985ee12dc19c5787) Importer(815301076,1909f56bfc062723c751e8b465ee728b)  -> (artifact id: '1ba43bcfa90441dcb5b170d47e6f1f16') in 0.015652 seconds 
========================================================================
Received Import Request.
  Time since last request: 487.096568 seconds.
  path: Assets/Tiny RPG Forest/Artwork/sprites/treant/walk/treant-walk-back/treant-walk-back-2.png
  artifactKey: Guid(f14b7cc4c56574a62998ea5000f13357) Importer(815301076,1909f56bfc062723c751e8b465ee728b)
Start importing Assets/Tiny RPG Forest/Artwork/sprites/treant/walk/treant-walk-back/treant-walk-back-2.png using Guid(f14b7cc4c56574a62998ea5000f13357) Importer(815301076,1909f56bfc062723c751e8b465ee728b)  -> (artifact id: '8c831d1b795ca8b5ff3f187940c33984') in 0.018008 seconds 
========================================================================
Received Import Request.
  Time since last request: 0.000031 seconds.
  path: Assets/Tiny RPG Forest/Artwork/sprites/treant/walk/treant-walk-back/treant-walk-back-4.png
  artifactKey: Guid(7ee0977da157a4e579386ade0582feee) Importer(815301076,1909f56bfc062723c751e8b465ee728b)
Start importing Assets/Tiny RPG Forest/Artwork/sprites/treant/walk/treant-walk-back/treant-walk-back-4.png using Guid(7ee0977da157a4e579386ade0582feee) Importer(815301076,1909f56bfc062723c751e8b465ee728b)  -> (artifact id: 'af5023a5c7a674621b1182b7453ca9c6') in 0.016423 seconds 
========================================================================
Received Import Request.
  Time since last request: 0.822191 seconds.
  path: Assets/Tiny RPG Forest/Artwork/sprites/treant/walk/treant-walk-front/treant-walk-front-2.png
  artifactKey: Guid(fcacb8ef651174659a7e3e1449b859c8) Importer(815301076,1909f56bfc062723c751e8b465ee728b)
Start importing Assets/Tiny RPG Forest/Artwork/sprites/treant/walk/treant-walk-front/treant-walk-front-2.png using Guid(fcacb8ef651174659a7e3e1449b859c8) Importer(815301076,1909f56bfc062723c751e8b465ee728b)  -> (artifact id: '6a6a20c5a49e778faff3e0d318ccd75a') in 0.015263 seconds 
========================================================================
Received Import Request.
  Time since last request: 0.000019 seconds.
  path: Assets/Tiny RPG Forest/Artwork/sprites/treant/walk/treant-walk-front/treant-walk-front-3.png
  artifactKey: Guid(6297ba741c5194c9b9c4af25d7cef903) Importer(815301076,1909f56bfc062723c751e8b465ee728b)
Start importing Assets/Tiny RPG Forest/Artwork/sprites/treant/walk/treant-walk-front/treant-walk-front-3.png using Guid(6297ba741c5194c9b9c4af25d7cef903) Importer(815301076,1909f56bfc062723c751e8b465ee728b)  -> (artifact id: 'd38a825c757fe6a9e7fab6a7789a3693') in 0.020094 seconds 
========================================================================
Received Import Request.
  Time since last request: 1.076810 seconds.
  path: Assets/Tiny RPG Forest/Artwork/sprites/treant/idle/treant-idle-front.png
  artifactKey: Guid(06a287cc97cb64df8a11af10f2352365) Importer(815301076,1909f56bfc062723c751e8b465ee728b)
Start importing Assets/Tiny RPG Forest/Artwork/sprites/treant/idle/treant-idle-front.png using Guid(06a287cc97cb64df8a11af10f2352365) Importer(815301076,1909f56bfc062723c751e8b465ee728b)  -> (artifact id: '224a32c179a19a05f1ddb89a29ae3e32') in 0.013480 seconds 
========================================================================
Received Import Request.
  Time since last request: 0.000023 seconds.
  path: Assets/Tiny RPG Forest/Artwork/sprites/treant/idle/treant-idle-side.png
  artifactKey: Guid(4dbf9e4cb148c4dc991ed1bfc861e5e9) Importer(815301076,1909f56bfc062723c751e8b465ee728b)
Start importing Assets/Tiny RPG Forest/Artwork/sprites/treant/idle/treant-idle-side.png using Guid(4dbf9e4cb148c4dc991ed1bfc861e5e9) Importer(815301076,1909f56bfc062723c751e8b465ee728b)  -> (artifact id: '6d384718d3ace343cd1054c56023e33e') in 0.014286 seconds 
========================================================================
Received Import Request.
  Time since last request: 2.465578 seconds.
  path: Assets/Tiny RPG Forest/Artwork/sprites/mole/idle/mole-idle-front.png
  artifactKey: Guid(7cefe9e9e8c984bbd9ff43235be8f54f) Importer(815301076,1909f56bfc062723c751e8b465ee728b)
Start importing Assets/Tiny RPG Forest/Artwork/sprites/mole/idle/mole-idle-front.png using Guid(7cefe9e9e8c984bbd9ff43235be8f54f) Importer(815301076,1909f56bfc062723c751e8b465ee728b)  -> (artifact id: '7e103f50495f4905d32ab8b05200a952') in 0.016322 seconds 
========================================================================
Received Import Request.
  Time since last request: 0.000028 seconds.
  path: Assets/Tiny RPG Forest/Artwork/sprites/mole/idle/mole-idle-side.png
  artifactKey: Guid(a52d43b4ff4dc4dfb99b796681f175fb) Importer(815301076,1909f56bfc062723c751e8b465ee728b)
Start importing Assets/Tiny RPG Forest/Artwork/sprites/mole/idle/mole-idle-side.png using Guid(a52d43b4ff4dc4dfb99b796681f175fb) Importer(815301076,1909f56bfc062723c751e8b465ee728b)  -> (artifact id: 'e579d25f22d58ce7fb006c62877781a5') in 0.013520 seconds 
========================================================================
Received Import Request.
  Time since last request: 3.298741 seconds.
  path: Assets/Tiny RPG Forest/Artwork/sprites/misc/coin/coin-2.png
  artifactKey: Guid(bff474feb3ed041f0abe9d1ec39e3b73) Importer(815301076,1909f56bfc062723c751e8b465ee728b)
Start importing Assets/Tiny RPG Forest/Artwork/sprites/misc/coin/coin-2.png using Guid(bff474feb3ed041f0abe9d1ec39e3b73) Importer(815301076,1909f56bfc062723c751e8b465ee728b)  -> (artifact id: 'a042a875547f7628b4fbe001c109e9d6') in 0.015411 seconds 
========================================================================
Received Import Request.
  Time since last request: 0.000019 seconds.
  path: Assets/Tiny RPG Forest/Artwork/sprites/misc/coin/coin-4.png
  artifactKey: Guid(601ee6102f54d41e9908ba8c8ade2173) Importer(815301076,1909f56bfc062723c751e8b465ee728b)
Start importing Assets/Tiny RPG Forest/Artwork/sprites/misc/coin/coin-4.png using Guid(601ee6102f54d41e9908ba8c8ade2173) Importer(815301076,1909f56bfc062723c751e8b465ee728b)  -> (artifact id: 'b24839b5f58ddcacf9a2683ed898721a') in 0.015783 seconds 
========================================================================
Received Import Request.
  Time since last request: 0.373413 seconds.
  path: Assets/Tiny RPG Forest/Artwork/sprites/misc/enemy-death/enemy-death-2.png
  artifactKey: Guid(251925328a35b4b1f86bc7bfc46ba9a3) Importer(815301076,1909f56bfc062723c751e8b465ee728b)
Start importing Assets/Tiny RPG Forest/Artwork/sprites/misc/enemy-death/enemy-death-2.png using Guid(251925328a35b4b1f86bc7bfc46ba9a3) Importer(815301076,1909f56bfc062723c751e8b465ee728b)  -> (artifact id: '7bc1d8dd6585f344916cb248f7a2812d') in 0.017630 seconds 
========================================================================
Received Import Request.
  Time since last request: 0.000025 seconds.
  path: Assets/Tiny RPG Forest/Artwork/sprites/misc/enemy-death/enemy-death-6.png
  artifactKey: Guid(071c2f3c390094fbe96e77d4670007d0) Importer(815301076,1909f56bfc062723c751e8b465ee728b)
Start importing Assets/Tiny RPG Forest/Artwork/sprites/misc/enemy-death/enemy-death-6.png using Guid(071c2f3c390094fbe96e77d4670007d0) Importer(815301076,1909f56bfc062723c751e8b465ee728b)  -> (artifact id: '23b0f7b2ab82ed40f23e082ac710bb0e') in 0.016862 seconds 
========================================================================
Received Import Request.
  Time since last request: 0.000027 seconds.
  path: Assets/Tiny RPG Forest/Artwork/sprites/misc/enemy-death/enemy-death-5.png
  artifactKey: Guid(53a1842734d514cbaa3c63fb01b8a2e5) Importer(815301076,1909f56bfc062723c751e8b465ee728b)
Start importing Assets/Tiny RPG Forest/Artwork/sprites/misc/enemy-death/enemy-death-5.png using Guid(53a1842734d514cbaa3c63fb01b8a2e5) Importer(815301076,1909f56bfc062723c751e8b465ee728b)  -> (artifact id: '919e462bde1798b1d4cb752ea3288d18') in 0.017926 seconds 
========================================================================
Received Import Request.
  Time since last request: 0.400144 seconds.
  path: Assets/Tiny RPG Forest/Artwork/sprites/misc/gem/gem-2.png
  artifactKey: Guid(0cf9bf4506ad5439987f6fdb1805dcc2) Importer(815301076,1909f56bfc062723c751e8b465ee728b)
Start importing Assets/Tiny RPG Forest/Artwork/sprites/misc/gem/gem-2.png using Guid(0cf9bf4506ad5439987f6fdb1805dcc2) Importer(815301076,1909f56bfc062723c751e8b465ee728b)  -> (artifact id: '4844d5e591c2bc9017c3fba18e6f4e50') in 0.014434 seconds 
========================================================================
Received Import Request.
  Time since last request: 0.000039 seconds.
  path: Assets/Tiny RPG Forest/Artwork/sprites/misc/gem/gem-3.png
  artifactKey: Guid(5bfad33111cd74875afe141dc1db8c66) Importer(815301076,1909f56bfc062723c751e8b465ee728b)
Start importing Assets/Tiny RPG Forest/Artwork/sprites/misc/gem/gem-3.png using Guid(5bfad33111cd74875afe141dc1db8c66) Importer(815301076,1909f56bfc062723c751e8b465ee728b)  -> (artifact id: '4a298ff848314c60c2bb5debc99d3b26') in 0.013757 seconds 
========================================================================
Received Import Request.
  Time since last request: 0.431584 seconds.
  path: Assets/Tiny RPG Forest/Artwork/sprites/misc/hearts/hearts-2.png
  artifactKey: Guid(af1d44c8d77c341869dcdb0b63c5cff8) Importer(815301076,1909f56bfc062723c751e8b465ee728b)
Start importing Assets/Tiny RPG Forest/Artwork/sprites/misc/hearts/hearts-2.png using Guid(af1d44c8d77c341869dcdb0b63c5cff8) Importer(815301076,1909f56bfc062723c751e8b465ee728b)  -> (artifact id: '805ebec262eb215671af9b5e6a4db63e') in 0.014718 seconds 
========================================================================
Received Import Request.
  Time since last request: 8.067203 seconds.
  path: Assets/Tiny RPG Forest/Artwork/sprites/treant/walk/treant-walk-side/treant-walk-side-3.png
  artifactKey: Guid(c4caec8cc98064142a508203aef791ad) Importer(815301076,1909f56bfc062723c751e8b465ee728b)
Start importing Assets/Tiny RPG Forest/Artwork/sprites/treant/walk/treant-walk-side/treant-walk-side-3.png using Guid(c4caec8cc98064142a508203aef791ad) Importer(815301076,1909f56bfc062723c751e8b465ee728b)  -> (artifact id: '6905c1391b993e86a0912f70d8f581fa') in 0.014174 seconds 
========================================================================
Received Import Request.
  Time since last request: 22.517166 seconds.
  path: Assets/Tiny RPG Forest/Artwork/sprites/hero/walk/hero-walk-back/hero-walk-back-3.png
  artifactKey: Guid(a7663080596d341069f6dbaaecd4ab9d) Importer(815301076,1909f56bfc062723c751e8b465ee728b)
Start importing Assets/Tiny RPG Forest/Artwork/sprites/hero/walk/hero-walk-back/hero-walk-back-3.png using Guid(a7663080596d341069f6dbaaecd4ab9d) Importer(815301076,1909f56bfc062723c751e8b465ee728b)  -> (artifact id: 'e1838297569f49bc83d13a665b646d1f') in 0.015602 seconds 
========================================================================
Received Import Request.
  Time since last request: 0.000020 seconds.
  path: Assets/Tiny RPG Forest/Artwork/sprites/hero/walk/hero-walk-back/hero-walk-back-6.png
  artifactKey: Guid(89a9ed82b75b24c1492b3fd640424573) Importer(815301076,1909f56bfc062723c751e8b465ee728b)
Start importing Assets/Tiny RPG Forest/Artwork/sprites/hero/walk/hero-walk-back/hero-walk-back-6.png using Guid(89a9ed82b75b24c1492b3fd640424573) Importer(815301076,1909f56bfc062723c751e8b465ee728b)  -> (artifact id: '935408bb4661c7c4050712a9b698cfa2') in 0.019745 seconds 
========================================================================
Received Import Request.
  Time since last request: 0.455363 seconds.
  path: Assets/Tiny RPG Forest/Artwork/sprites/hero/walk/hero-walk-front/hero-walk-front-3.png
  artifactKey: Guid(1e624e1a997d8411ebe498d51d9dcc6d) Importer(815301076,1909f56bfc062723c751e8b465ee728b)
Start importing Assets/Tiny RPG Forest/Artwork/sprites/hero/walk/hero-walk-front/hero-walk-front-3.png using Guid(1e624e1a997d8411ebe498d51d9dcc6d) Importer(815301076,1909f56bfc062723c751e8b465ee728b)  -> (artifact id: '446d9dc51dd12c9336e980a07ec8b92a') in 0.015365 seconds 
========================================================================
Received Import Request.
  Time since last request: 0.000019 seconds.
  path: Assets/Tiny RPG Forest/Artwork/sprites/hero/walk/hero-walk-front/hero-walk-front-5.png
  artifactKey: Guid(7376652f4768d4adf82c2dec25babcaa) Importer(815301076,1909f56bfc062723c751e8b465ee728b)
Start importing Assets/Tiny RPG Forest/Artwork/sprites/hero/walk/hero-walk-front/hero-walk-front-5.png using Guid(7376652f4768d4adf82c2dec25babcaa) Importer(815301076,1909f56bfc062723c751e8b465ee728b)  -> (artifact id: '68c49137e575113ede5b499a6cc9331f') in 0.015743 seconds 
Editor requested this worker to shutdown with reason: Scaling down because of idle timeout
AssetImportWorker is now disconnected from the server
Process exiting
Exiting without the bug reporter. Application will terminate with return code 0